{"E:\\Programmer\\Pet projects\\NextJS\\next-stats-panel\\src\\helpers\\delay.ts": {"path":"E:\\Programmer\\Pet projects\\NextJS\\next-stats-panel\\src\\helpers\\delay.ts","all":false,"statementMap":{"0":{"start":{"line":1,"column":0},"end":{"line":1,"column":106}},"1":{"start":{"line":2,"column":0},"end":{"line":2,"column":0}},"2":{"start":{"line":3,"column":0},"end":{"line":3,"column":99}},"3":{"start":{"line":4,"column":0},"end":{"line":4,"column":42}},"4":{"start":{"line":5,"column":0},"end":{"line":5,"column":46}},"5":{"start":{"line":6,"column":0},"end":{"line":6,"column":75}},"6":{"start":{"line":7,"column":0},"end":{"line":7,"column":5}},"7":{"start":{"line":8,"column":0},"end":{"line":8,"column":1}}},"s":{"0":1,"1":1,"2":1,"3":4,"4":4,"5":4,"6":4,"7":4},"branchMap":{"0":{"type":"branch","line":3,"loc":{"start":{"line":3,"column":7},"end":{"line":8,"column":1}},"locations":[{"start":{"line":3,"column":7},"end":{"line":8,"column":1}}]},"1":{"type":"branch","line":5,"loc":{"start":{"line":5,"column":24},"end":{"line":7,"column":3}},"locations":[{"start":{"line":5,"column":24},"end":{"line":7,"column":3}}]},"2":{"type":"branch","line":6,"loc":{"start":{"line":6,"column":15},"end":{"line":6,"column":64}},"locations":[{"start":{"line":6,"column":15},"end":{"line":6,"column":64}}]},"3":{"type":"branch","line":6,"loc":{"start":{"line":6,"column":32},"end":{"line":6,"column":47}},"locations":[{"start":{"line":6,"column":32},"end":{"line":6,"column":47}}]},"4":{"type":"branch","line":6,"loc":{"start":{"line":6,"column":47},"end":{"line":6,"column":64}},"locations":[{"start":{"line":6,"column":47},"end":{"line":6,"column":64}}]}},"b":{"0":[4],"1":[4],"2":[4],"3":[2],"4":[2]},"fnMap":{"0":{"name":"delayed","decl":{"start":{"line":3,"column":7},"end":{"line":8,"column":1}},"loc":{"start":{"line":3,"column":7},"end":{"line":8,"column":1}},"line":3}},"f":{"0":4}}
}
